<?xml version="1.0" encoding="UTF-8"?>
<!-- Generated by org.testng.reporters.JUnitReportReporter -->
<testsuite hostname="HEAVEN-PC" name="com.Hmrc.framework.VechilesRegistration.vbnm" tests="1" failures="0" timestamp="30 Nov 2017 01:50:28 GMT" time="0.000" errors="1">
  <testcase name="Test2" time="0.000" classname="com.Hmrc.framework.VechilesRegistration.vbnm">
    <error type="org.testng.TestNGException" message="
Method public void com.Hmrc.framework.VechilesRegistration.vbnm.Test2(java.lang.String,java.lang.String,int) throws java.io.IOException requires a @DataProvider named : RegistrationDetails">
      <![CDATA[org.testng.TestNGException: 
Method public void com.Hmrc.framework.VechilesRegistration.vbnm.Test2(java.lang.String,java.lang.String,int) throws java.io.IOException requires a @DataProvider named : RegistrationDetails
	at org.testng.internal.Parameters.findDataProvider(Parameters.java:263)
	at org.testng.internal.Parameters.handleParameters(Parameters.java:419)
	at org.testng.internal.Invoker.handleParameters(Invoker.java:1274)
	at org.testng.internal.Invoker.createParameters(Invoker.java:989)
	at org.testng.internal.Invoker.invokeTestMethods(Invoker.java:1079)
	at org.testng.internal.TestMethodWorker.invokeTestMethods(TestMethodWorker.java:129)
	at org.testng.internal.TestMethodWorker.run(TestMethodWorker.java:112)
	at org.testng.TestRunner.privateRun(TestRunner.java:782)
	at org.testng.TestRunner.run(TestRunner.java:632)
	at org.testng.SuiteRunner.runTest(SuiteRunner.java:366)
	at org.testng.SuiteRunner.runSequentially(SuiteRunner.java:361)
	at org.testng.SuiteRunner.privateRun(SuiteRunner.java:319)
	at org.testng.SuiteRunner.run(SuiteRunner.java:268)
	at org.testng.SuiteRunnerWorker.runSuite(SuiteRunnerWorker.java:52)
	at org.testng.SuiteRunnerWorker.run(SuiteRunnerWorker.java:86)
	at org.testng.TestNG.runSuitesSequentially(TestNG.java:1244)
	at org.testng.TestNG.runSuitesLocally(TestNG.java:1169)
	at org.testng.TestNG.run(TestNG.java:1064)
	at org.testng.remote.AbstractRemoteTestNG.run(AbstractRemoteTestNG.java:132)
	at org.testng.remote.RemoteTestNG.initAndRun(RemoteTestNG.java:230)
	at org.testng.remote.RemoteTestNG.main(RemoteTestNG.java:76)
]]>
    </error>
  </testcase> <!-- Test2 -->
</testsuite> <!-- com.Hmrc.framework.VechilesRegistration.vbnm -->
